<?xml version="1.0" encoding="UTF-8"?>
<!-- Generated by org.testng.reporters.JUnitReportReporter -->
<testsuite skipped="0" hostname="bogon" name="com.course.testng.dataProvider.TestAnotationOnClass" tests="2" failures="0" timestamp="2019-08-07T19:32:29 CST" time="0.016" errors="0">
  <testcase name="test" time="0.015" classname="com.course.testng.dataProvider.TestAnotationOnClass"/>
  <testcase name="test2" time="0.001" classname="com.course.testng.dataProvider.TestAnotationOnClass"/>
</testsuite> <!-- com.course.testng.dataProvider.TestAnotationOnClass -->
